<?xml version="1.0" encoding="UTF-8"?>
<!-- Generated by org.testng.reporters.JUnitXMLReporter -->
<testsuite hostname="Nirmal-Laptop" ignored="0" name="NavigationBarTest" tests="1" failures="1" timestamp="2021-05-02T22:23:17 IST" time="25.826" errors="0">
  <testcase name="invokeHomePageTest" time="0.051" classname="Automation.Framework.NavigationBarTest">
    <failure type="java.lang.AssertionError" message="expected [false] but found [true]">
      <![CDATA[java.lang.AssertionError: expected [false] but found [true]
at Automation.Framework.NavigationBarTest.invokeHomePageTest(NavigationBarTest.java:42)
at java.util.ArrayList.forEach(Unknown Source)
at java.util.concurrent.FutureTask.run(Unknown Source)
at java.util.concurrent.ThreadPoolExecutor.runWorker(Unknown Source)
at java.util.concurrent.ThreadPoolExecutor$Worker.run(Unknown Source)
at java.lang.Thread.run(Unknown Source)
... Removed 24 stack frames]]>
    </failure>
  </testcase> <!-- invokeHomePageTest -->
</testsuite> <!-- NavigationBarTest -->
